<?xml version="1.0" encoding="UTF-8"?>
<!-- Generated by org.testng.reporters.JUnitReportReporter -->
<testsuite hostname="King_Vishwa" failures="0" tests="1" name="bikes.YamahaTest" time="4.827" errors="0" timestamp="2025-01-20T11:03:47 IST" skipped="0">
  <testcase classname="bikes.YamahaTest" name="launch" time="4.827"/>
  <system-out>
    <![CDATA[Yamha Website is Launched]]>
  </system-out>
</testsuite> <!-- bikes.YamahaTest -->
