<?xml version="1.0" encoding="UTF-8"?>
<!-- Generated by org.testng.reporters.JUnitReportReporter -->
<testsuite hostname="King_Vishwa" failures="0" tests="1" name="cars.LabborghiniTest" time="3.153" errors="0" timestamp="2025-01-20T11:06:00 IST" skipped="0">
  <testcase classname="cars.LabborghiniTest" name="launch" time="3.153"/>
  <system-out>
    <![CDATA[Labborghini Website is Launched]]>
  </system-out>
</testsuite> <!-- cars.LabborghiniTest -->
