<?xml version="1.0" encoding="UTF-8"?>
<!-- Generated by org.testng.reporters.JUnitReportReporter -->
<testsuite hostname="King_Vishwa" failures="0" tests="1" name="extentReport.ToLearnExtentReport" time="0.533" errors="0" timestamp="2025-01-22T13:04:21 IST" skipped="0">
  <testcase classname="extentReport.ToLearnExtentReport" name="createReport" time="0.533"/>
  <system-out/>
</testsuite> <!-- extentReport.ToLearnExtentReport -->
