<?xml version="1.0" encoding="UTF-8"?>
<!-- Generated by org.testng.reporters.JUnitReportReporter -->
<testsuite hostname="King_Vishwa" failures="0" tests="1" name="company.InfosysTest" time="4.770" errors="0" timestamp="2025-01-20T22:52:10 IST" skipped="0">
  <testcase classname="company.InfosysTest" name="launched" time="4.770"/>
  <system-out>
    <![CDATA[Infosys Website is Launched]]>
  </system-out>
</testsuite> <!-- company.InfosysTest -->
