<?xml version="1.0" encoding="UTF-8"?>
<!-- Generated by org.testng.reporters.JUnitReportReporter -->
<testsuite hostname="King_Vishwa" failures="0" tests="1" name="company.TcsTest" time="2.858" errors="0" timestamp="2025-01-20T22:48:55 IST" skipped="0">
  <testcase classname="company.TcsTest" name="launch" time="2.858"/>
  <system-out>
    <![CDATA[TCS website is launched]]>
  </system-out>
</testsuite> <!-- company.TcsTest -->
