<?xml version="1.0" encoding="UTF-8"?>
<!-- Generated by org.testng.reporters.JUnitReportReporter -->
<testsuite hostname="King_Vishwa" failures="0" tests="1" name="cars.FerrariTest" time="5.948" errors="0" timestamp="2025-01-20T11:06:00 IST" skipped="0">
  <testcase classname="cars.FerrariTest" name="launch" time="5.948"/>
  <system-out>
    <![CDATA[Ferrari Website is Launched]]>
  </system-out>
</testsuite> <!-- cars.FerrariTest -->
