<?xml version="1.0" encoding="UTF-8"?>
<!-- Generated by org.testng.reporters.JUnitReportReporter -->
<testsuite hostname="King_Vishwa" failures="0" tests="1" name="demo.Sample" time="0.007" errors="0" timestamp="2025-01-18T11:18:54 IST" skipped="0">
  <testcase classname="demo.Sample" name="launchTest" time="0.007"/>
  <system-out>
    <![CDATA[Sample Class Launched]]>
  </system-out>
</testsuite> <!-- demo.Sample -->
