<?xml version="1.0" encoding="UTF-8"?>
<!-- Generated by org.testng.reporters.JUnitReportReporter -->
<testsuite hostname="King_Vishwa" failures="0" tests="1" name="cars.AudiTest" time="4.207" errors="0" timestamp="2025-01-20T11:06:00 IST" skipped="0">
  <testcase classname="cars.AudiTest" name="launch" time="4.207"/>
  <system-out>
    <![CDATA[audi Website is Launched]]>
  </system-out>
</testsuite> <!-- cars.AudiTest -->
