<?xml version="1.0" encoding="UTF-8"?>
<!-- Generated by org.testng.reporters.JUnitReportReporter -->
<testsuite hostname="King_Vishwa" failures="0" tests="1" name="extentReport.ToLearnExtendReport" time="0.428" errors="0" timestamp="2025-01-31T00:01:15 IST" skipped="0">
  <testcase classname="extentReport.ToLearnExtendReport" name="createReport" time="0.428"/>
  <system-out/>
</testsuite> <!-- extentReport.ToLearnExtendReport -->
