<?xml version="1.0" encoding="UTF-8"?>
<!-- Generated by org.testng.reporters.JUnitReportReporter -->
<testsuite hostname="King_Vishwa" failures="0" tests="1" name="company.WiproTest" time="5.614" errors="0" timestamp="2025-01-20T22:45:00 IST" skipped="0">
  <testcase classname="company.WiproTest" name="launch" time="5.614"/>
  <system-out>
    <![CDATA[Wipro Website is Launched]]>
  </system-out>
</testsuite> <!-- company.WiproTest -->
