<?xml version="1.0" encoding="UTF-8"?>
<!-- Generated by org.testng.reporters.JUnitReportReporter -->
<testsuite hostname="King_Vishwa" failures="0" tests="1" name="demo.Sample1" time="0.015" errors="0" timestamp="2025-01-22T23:35:54 IST" skipped="0">
  <testcase classname="demo.Sample1" name="launch" time="0.015"/>
  <system-out>
    <![CDATA[Sample Class Launched]]>
  </system-out>
</testsuite> <!-- demo.Sample1 -->
