<?xml version="1.0" encoding="UTF-8"?>
<!-- Generated by org.testng.reporters.JUnitReportReporter -->
<testsuite hostname="King_Vishwa" failures="0" tests="1" name="bikes.BajajTest" time="2.161" errors="0" timestamp="2025-01-20T11:03:47 IST" skipped="0">
  <testcase classname="bikes.BajajTest" name="launch" time="2.161"/>
  <system-out>
    <![CDATA[Bajaj Website is Launched]]>
  </system-out>
</testsuite> <!-- bikes.BajajTest -->
