<?xml version="1.0" encoding="UTF-8"?>
<!-- Generated by org.testng.reporters.JUnitReportReporter -->
<testsuite hostname="King_Vishwa" failures="0" tests="1" name="extentReport.ToAddScreenshotIntoReport" time="4.499" errors="0" timestamp="2025-01-30T00:08:37 IST" skipped="0">
  <testcase classname="extentReport.ToAddScreenshotIntoReport" name="addScreenShot" time="4.499"/>
  <system-out/>
</testsuite> <!-- extentReport.ToAddScreenshotIntoReport -->
